<?xml version="1.0" encoding="UTF-8"?>
<testng-results ignored="0" total="1" passed="1" failed="0" skipped="0">
  <reporter-output>
  </reporter-output>
  <suite started-at="2026-02-22T22:22:28 IST" name="Suite" finished-at="2026-02-22T22:22:42 IST" duration-ms="13441">
    <groups>
    </groups>
    <test started-at="2026-02-22T22:22:28 IST" name="Test" finished-at="2026-02-22T22:22:42 IST" duration-ms="13441">
      <class name="tests.LoginTest">
        <test-method is-config="true" signature="setup()[pri:0, instance:tests.LoginTest@72f926e6]" started-at="2026-02-22T22:22:29 IST" name="setup" finished-at="2026-02-22T22:22:39 IST" duration-ms="10117" status="PASS">
          <reporter-output>
          </reporter-output>
        </test-method> <!-- setup -->
        <test-method signature="verifyLogin()[pri:0, instance:tests.LoginTest@72f926e6]" started-at="2026-02-22T22:22:39 IST" name="verifyLogin" finished-at="2026-02-22T22:22:42 IST" duration-ms="3199" status="PASS">
          <reporter-output>
          </reporter-output>
        </test-method> <!-- verifyLogin -->
        <test-method is-config="true" signature="tearDown()[pri:0, instance:tests.LoginTest@72f926e6]" started-at="2026-02-22T22:22:42 IST" name="tearDown" finished-at="2026-02-22T22:22:42 IST" duration-ms="93" status="PASS">
          <reporter-output>
          </reporter-output>
        </test-method> <!-- tearDown -->
      </class> <!-- tests.LoginTest -->
    </test> <!-- Test -->
  </suite> <!-- Suite -->
</testng-results>
