<?xml version="1.0" encoding="UTF-8"?>
<testng-results ignored="0" total="1" passed="1" failed="0" skipped="0">
  <reporter-output>
  </reporter-output>
  <suite started-at="2026-02-16T15:01:40 IST" name="Default suite" finished-at="2026-02-16T15:01:53 IST" duration-ms="13013">
    <groups>
    </groups>
    <test started-at="2026-02-16T15:01:40 IST" name="Default test" finished-at="2026-02-16T15:01:53 IST" duration-ms="13013">
      <class name="tests.LoginTest">
        <test-method is-config="true" signature="setup()[pri:0, instance:tests.LoginTest@4145bad8]" started-at="2026-02-16T15:01:40 IST" name="setup" finished-at="2026-02-16T15:01:49 IST" duration-ms="9633" status="PASS">
          <reporter-output>
          </reporter-output>
        </test-method> <!-- setup -->
        <test-method signature="verifyLogin()[pri:0, instance:tests.LoginTest@4145bad8]" started-at="2026-02-16T15:01:49 IST" name="verifyLogin" finished-at="2026-02-16T15:01:53 IST" duration-ms="3251" status="PASS">
          <reporter-output>
          </reporter-output>
        </test-method> <!-- verifyLogin -->
        <test-method is-config="true" signature="tearDown()[pri:0, instance:tests.LoginTest@4145bad8]" started-at="2026-02-16T15:01:53 IST" name="tearDown" finished-at="2026-02-16T15:01:53 IST" duration-ms="94" status="PASS">
          <reporter-output>
          </reporter-output>
        </test-method> <!-- tearDown -->
      </class> <!-- tests.LoginTest -->
    </test> <!-- Default test -->
  </suite> <!-- Default suite -->
</testng-results>
